<?xml version="1.0" encoding="UTF-8"?>
<!-- Generated by org.testng.reporters.JUnitReportReporter -->
<testsuite skipped="0" hostname="Gauri-PC" name="TestNG.Example_EmailableReport" tests="4" failures="0" timestamp="2022-08-22T09:13:24 EDT" time="0.020" errors="0">
  <testcase name="Tc1" time="0.014" classname="TestNG.Example_EmailableReport"/>
  <system-out/>
  <testcase name="Tc3" time="0.002" classname="TestNG.Example_EmailableReport"/>
  <system-out/>
  <testcase name="Tc2" time="0.002" classname="TestNG.Example_EmailableReport"/>
  <system-out/>
  <testcase name="Tc4" time="0.002" classname="TestNG.Example_EmailableReport"/>
  <system-out/>
</testsuite> <!-- TestNG.Example_EmailableReport -->
