<?xml version="1.0" encoding="UTF-8"?>
<!-- Generated by org.testng.reporters.JUnitReportReporter -->
<testsuite skipped="0" hostname="Gauri-PC" name="TestNG.example11_Parallel_Testing2" tests="1" failures="0" timestamp="2022-08-27T11:04:00 EDT" time="100.250" errors="0">
  <testcase name="Tc2" time="100.250" classname="TestNG.example11_Parallel_Testing2"/>
  <system-out/>
</testsuite> <!-- TestNG.example11_Parallel_Testing2 -->
