<?xml version="1.0" encoding="UTF-8"?>
<!-- Generated by org.testng.reporters.JUnitReportReporter -->
<testsuite skipped="0" hostname="Gauri-PC" name="TestNG.example5_Keyword5_dependsOnMethod2" tests="2" failures="0" timestamp="2022-08-24T08:17:51 EDT" time="0.015" errors="0">
  <testcase name="login1" time="0.000" classname="TestNG.example5_Keyword5_dependsOnMethod2"/>
  <system-out>
    <![CDATA[running login1]]>
  </system-out>
  <testcase name="login2" time="0.015" classname="TestNG.example5_Keyword5_dependsOnMethod2"/>
  <system-out>
    <![CDATA[runing login2]]>
  </system-out>
</testsuite> <!-- TestNG.example5_Keyword5_dependsOnMethod2 -->
