<?xml version="1.0" encoding="UTF-8"?>
<!-- Generated by org.testng.reporters.JUnitReportReporter -->
<testsuite skipped="0" hostname="Gauri-PC" name="TestNG.example4_Annotations" tests="2" failures="0" timestamp="2022-08-23T07:28:33 EDT" time="0.011" errors="0">
  <testcase name="verifyUserId2" time="0.003" classname="TestNG.example4_Annotations"/>
  <system-out/>
  <testcase name="verifyUserId1" time="0.008" classname="TestNG.example4_Annotations"/>
  <system-out/>
</testsuite> <!-- TestNG.example4_Annotations -->
