<?xml version="1.0" encoding="UTF-8"?>
<!-- Generated by org.testng.reporters.JUnitReportReporter -->
<testsuite skipped="0" hostname="Gauri-PC" name="TestNG.Example6_xmlfile2" tests="2" failures="0" timestamp="2022-08-24T08:49:38 EDT" time="0.000" errors="0">
  <testcase name="TC4" time="0.000" classname="TestNG.Example6_xmlfile2"/>
  <system-out>
    <![CDATA[runing TC2]]>
  </system-out>
  <testcase name="TC3" time="0.000" classname="TestNG.Example6_xmlfile2"/>
  <system-out>
    <![CDATA[running TC1]]>
  </system-out>
</testsuite> <!-- TestNG.Example6_xmlfile2 -->
