<?xml version="1.0" encoding="UTF-8"?>
<!-- Generated by org.testng.reporters.JUnitReportReporter -->
<testsuite skipped="0" hostname="Gauri-PC" name="TestNG.example7_AssertClass1_assertequals" tests="1" failures="0" timestamp="2022-08-24T09:29:46 EDT" time="0.031" errors="0">
  <testcase name="TC1" time="0.031" classname="TestNG.example7_AssertClass1_assertequals"/>
  <system-out/>
</testsuite> <!-- TestNG.example7_AssertClass1_assertequals -->
