<?xml version="1.0" encoding="UTF-8"?>
<!-- Generated by org.testng.reporters.JUnitReportReporter -->
<testsuite skipped="1" hostname="Gauri-PC" name="TestNG_Practice.DemoTestNG" tests="6" failures="0" timestamp="2022-08-23T10:02:04 EDT" time="24.535" errors="3">
  <testcase name="closer" time="0.012" classname="TestNG_Practice.DemoTestNG">
    <error type="java.lang.NullPointerException">
      <![CDATA[java.lang.NullPointerException
at TestNG_Practice.DemoTestNG.closer(DemoTestNG.java:82)
at sun.reflect.NativeMethodAccessorImpl.invoke0(Native Method)
at sun.reflect.NativeMethodAccessorImpl.invoke(Unknown Source)
at sun.reflect.DelegatingMethodAccessorImpl.invoke(Unknown Source)
at java.lang.reflect.Method.invoke(Unknown Source)
at org.testng.internal.MethodInvocationHelper.invokeMethod(MethodInvocationHelper.java:133)
at org.testng.internal.TestInvoker.invokeMethod(TestInvoker.java:598)
at org.testng.internal.TestInvoker.invokeTestMethod(TestInvoker.java:173)
at org.testng.internal.MethodRunner.runInSequence(MethodRunner.java:46)
at org.testng.internal.TestInvoker$MethodInvocationAgent.invoke(TestInvoker.java:824)
at org.testng.internal.TestInvoker.invokeTestMethods(TestInvoker.java:146)
at org.testng.internal.TestMethodWorker.invokeTestMethods(TestMethodWorker.java:146)
at org.testng.internal.TestMethodWorker.run(TestMethodWorker.java:128)
at java.util.ArrayList.forEach(Unknown Source)
at org.testng.TestRunner.privateRun(TestRunner.java:794)
at org.testng.TestRunner.run(TestRunner.java:596)
at org.testng.SuiteRunner.runTest(SuiteRunner.java:377)
at org.testng.SuiteRunner.runSequentially(SuiteRunner.java:371)
at org.testng.SuiteRunner.privateRun(SuiteRunner.java:332)
at org.testng.SuiteRunner.run(SuiteRunner.java:276)
at org.testng.SuiteRunnerWorker.runSuite(SuiteRunnerWorker.java:53)
at org.testng.SuiteRunnerWorker.run(SuiteRunnerWorker.java:96)
at org.testng.TestNG.runSuitesSequentially(TestNG.java:1212)
at org.testng.TestNG.runSuitesLocally(TestNG.java:1134)
at org.testng.TestNG.runSuites(TestNG.java:1063)
at org.testng.TestNG.run(TestNG.java:1031)
at org.testng.remote.AbstractRemoteTestNG.run(AbstractRemoteTestNG.java:115)
at org.testng.remote.RemoteTestNG.initAndRun(RemoteTestNG.java:251)
at org.testng.remote.RemoteTestNG.main(RemoteTestNG.java:77)
]]>
    </error>
  </testcase> <!-- closer -->
  <system-out/>
  <testcase name="launchBrowser" time="10.530" classname="TestNG_Practice.DemoTestNG"/>
  <system-out/>
  <testcase name="verifyPage" time="0.231" classname="TestNG_Practice.DemoTestNG"/>
  <system-out>
    <![CDATA[Enter in flipkart page : true]]>
  </system-out>
  <testcase name="searchItems" time="2.368" classname="TestNG_Practice.DemoTestNG">
    <error type="org.openqa.selenium.ElementClickInterceptedException" message="element click intercepted: Element &lt;button class=&quot;L0Z3Pu&quot; type=&quot;submit&quot;&gt;...&lt;/button&gt; is not clickable at point (556, 28). Other element would receive the click: &lt;div class=&quot;_36HLxm col col-3-5&quot;&gt;...&lt;/div&gt;
  (Session info: chrome=104.0.5112.102)
Build info: version: &#039;4.3.0&#039;, revision: &#039;a4995e2c09*&#039;
System info: host: &#039;GAURI-PC&#039;, ip: &#039;192.168.1.4&#039;, os.name: &#039;Windows 7&#039;, os.arch: &#039;amd64&#039;, os.version: &#039;6.1&#039;, java.version: &#039;1.8.0_333&#039;
Driver info: org.openqa.selenium.chrome.ChromeDriver
Command: [e623ad611158fcd6f35fa24ea9aa0897, clickElement {id=ed64f95a-b386-41d0-b006-9cf9556a660e}]
Capabilities {acceptInsecureCerts: false, browserName: chrome, browserVersion: 104.0.5112.102, chrome: {chromedriverVersion: 103.0.5060.53 (a1711811edd7..., userDataDir: C:\Users\Gauri\AppData\Loca...}, goog:chromeOptions: {debuggerAddress: localhost:58142}, networkConnectionEnabled: false, pageLoadStrategy: normal, platformName: WINDOWS, proxy: Proxy(), se:cdp: ws://localhost:58142/devtoo..., se:cdpVersion: 104.0.5112.102, setWindowRect: true, strictFileInteractability: false, timeouts: {implicit: 0, pageLoad: 300000, script: 30000}, unhandledPromptBehavior: dismiss and notify, webauthn:extension:credBlob: true, webauthn:extension:largeBlob: true, webauthn:virtualAuthenticators: true}
Element: [[ChromeDriver: chrome on WINDOWS (e623ad611158fcd6f35fa24ea9aa0897)] -&gt; xpath: //button[@class=&#039;L0Z3Pu&#039;]]
Session ID: e623ad611158fcd6f35fa24ea9aa0897">
      <![CDATA[org.openqa.selenium.ElementClickInterceptedException: element click intercepted: Element <button class="L0Z3Pu" type="submit">...</button> is not clickable at point (556, 28). Other element would receive the click: <div class="_36HLxm col col-3-5">...</div>
  (Session info: chrome=104.0.5112.102)
Build info: version: '4.3.0', revision: 'a4995e2c09*'
System info: host: 'GAURI-PC', ip: '192.168.1.4', os.name: 'Windows 7', os.arch: 'amd64', os.version: '6.1', java.version: '1.8.0_333'
Driver info: org.openqa.selenium.chrome.ChromeDriver
Command: [e623ad611158fcd6f35fa24ea9aa0897, clickElement {id=ed64f95a-b386-41d0-b006-9cf9556a660e}]
Capabilities {acceptInsecureCerts: false, browserName: chrome, browserVersion: 104.0.5112.102, chrome: {chromedriverVersion: 103.0.5060.53 (a1711811edd7..., userDataDir: C:\Users\Gauri\AppData\Loca...}, goog:chromeOptions: {debuggerAddress: localhost:58142}, networkConnectionEnabled: false, pageLoadStrategy: normal, platformName: WINDOWS, proxy: Proxy(), se:cdp: ws://localhost:58142/devtoo..., se:cdpVersion: 104.0.5112.102, setWindowRect: true, strictFileInteractability: false, timeouts: {implicit: 0, pageLoad: 300000, script: 30000}, unhandledPromptBehavior: dismiss and notify, webauthn:extension:credBlob: true, webauthn:extension:largeBlob: true, webauthn:virtualAuthenticators: true}
Element: [[ChromeDriver: chrome on WINDOWS (e623ad611158fcd6f35fa24ea9aa0897)] -> xpath: //button[@class='L0Z3Pu']]
Session ID: e623ad611158fcd6f35fa24ea9aa0897
at sun.reflect.NativeConstructorAccessorImpl.newInstance0(Native Method)
at sun.reflect.NativeConstructorAccessorImpl.newInstance(Unknown Source)
at sun.reflect.DelegatingConstructorAccessorImpl.newInstance(Unknown Source)
at java.lang.reflect.Constructor.newInstance(Unknown Source)
at org.openqa.selenium.remote.codec.w3c.W3CHttpResponseCodec.createException(W3CHttpResponseCodec.java:200)
at org.openqa.selenium.remote.codec.w3c.W3CHttpResponseCodec.decode(W3CHttpResponseCodec.java:133)
at org.openqa.selenium.remote.codec.w3c.W3CHttpResponseCodec.decode(W3CHttpResponseCodec.java:53)
at org.openqa.selenium.remote.HttpCommandExecutor.execute(HttpCommandExecutor.java:184)
at org.openqa.selenium.remote.service.DriverCommandExecutor.invokeExecute(DriverCommandExecutor.java:167)
at org.openqa.selenium.remote.service.DriverCommandExecutor.execute(DriverCommandExecutor.java:142)
at org.openqa.selenium.remote.RemoteWebDriver.execute(RemoteWebDriver.java:569)
at org.openqa.selenium.remote.RemoteWebElement.execute(RemoteWebElement.java:257)
at org.openqa.selenium.remote.RemoteWebElement.click(RemoteWebElement.java:78)
at TestNG_Practice.DemoTestNG.searchItems(DemoTestNG.java:64)
at sun.reflect.NativeMethodAccessorImpl.invoke0(Native Method)
at sun.reflect.NativeMethodAccessorImpl.invoke(Unknown Source)
at sun.reflect.DelegatingMethodAccessorImpl.invoke(Unknown Source)
at java.lang.reflect.Method.invoke(Unknown Source)
at org.testng.internal.MethodInvocationHelper.invokeMethod(MethodInvocationHelper.java:133)
at org.testng.internal.TestInvoker.invokeMethod(TestInvoker.java:598)
at org.testng.internal.TestInvoker.invokeTestMethod(TestInvoker.java:173)
at org.testng.internal.MethodRunner.runInSequence(MethodRunner.java:46)
at org.testng.internal.TestInvoker$MethodInvocationAgent.invoke(TestInvoker.java:824)
at org.testng.internal.TestInvoker.invokeTestMethods(TestInvoker.java:146)
at org.testng.internal.TestMethodWorker.invokeTestMethods(TestMethodWorker.java:146)
at org.testng.internal.TestMethodWorker.run(TestMethodWorker.java:128)
at java.util.ArrayList.forEach(Unknown Source)
at org.testng.TestRunner.privateRun(TestRunner.java:794)
at org.testng.TestRunner.run(TestRunner.java:596)
at org.testng.SuiteRunner.runTest(SuiteRunner.java:377)
at org.testng.SuiteRunner.runSequentially(SuiteRunner.java:371)
at org.testng.SuiteRunner.privateRun(SuiteRunner.java:332)
at org.testng.SuiteRunner.run(SuiteRunner.java:276)
at org.testng.SuiteRunnerWorker.runSuite(SuiteRunnerWorker.java:53)
at org.testng.SuiteRunnerWorker.run(SuiteRunnerWorker.java:96)
at org.testng.TestNG.runSuitesSequentially(TestNG.java:1212)
at org.testng.TestNG.runSuitesLocally(TestNG.java:1134)
at org.testng.TestNG.runSuites(TestNG.java:1063)
at org.testng.TestNG.run(TestNG.java:1031)
at org.testng.remote.AbstractRemoteTestNG.run(AbstractRemoteTestNG.java:115)
at org.testng.remote.RemoteTestNG.initAndRun(RemoteTestNG.java:251)
at org.testng.remote.RemoteTestNG.main(RemoteTestNG.java:77)
]]>
    </error>
  </testcase> <!-- searchItems -->
  <system-out/>
  <testcase name="pageLinks" time="11.394" classname="TestNG_Practice.DemoTestNG">
    <error type="org.openqa.selenium.StaleElementReferenceException" message="stale element reference: element is not attached to the page document
  (Session info: chrome=104.0.5112.102)
For documentation on this error, please visit: https://selenium.dev/exceptions/#stale_element_reference
Build info: version: &#039;4.3.0&#039;, revision: &#039;a4995e2c09*&#039;
System info: host: &#039;GAURI-PC&#039;, ip: &#039;192.168.1.4&#039;, os.name: &#039;Windows 7&#039;, os.arch: &#039;amd64&#039;, os.version: &#039;6.1&#039;, java.version: &#039;1.8.0_333&#039;
Driver info: org.openqa.selenium.chrome.ChromeDriver
Command: [e623ad611158fcd6f35fa24ea9aa0897, getElementText {id=e8d4b951-a67a-42b6-93aa-8c7eb694eea9}]
Capabilities {acceptInsecureCerts: false, browserName: chrome, browserVersion: 104.0.5112.102, chrome: {chromedriverVersion: 103.0.5060.53 (a1711811edd7..., userDataDir: C:\Users\Gauri\AppData\Loca...}, goog:chromeOptions: {debuggerAddress: localhost:58142}, networkConnectionEnabled: false, pageLoadStrategy: normal, platformName: WINDOWS, proxy: Proxy(), se:cdp: ws://localhost:58142/devtoo..., se:cdpVersion: 104.0.5112.102, setWindowRect: true, strictFileInteractability: false, timeouts: {implicit: 0, pageLoad: 300000, script: 30000}, unhandledPromptBehavior: dismiss and notify, webauthn:extension:credBlob: true, webauthn:extension:largeBlob: true, webauthn:virtualAuthenticators: true}
Element: [[ChromeDriver: chrome on WINDOWS (e623ad611158fcd6f35fa24ea9aa0897)] -&gt; xpath: //a]
Session ID: e623ad611158fcd6f35fa24ea9aa0897">
      <![CDATA[org.openqa.selenium.StaleElementReferenceException: stale element reference: element is not attached to the page document
  (Session info: chrome=104.0.5112.102)
For documentation on this error, please visit: https://selenium.dev/exceptions/#stale_element_reference
Build info: version: '4.3.0', revision: 'a4995e2c09*'
System info: host: 'GAURI-PC', ip: '192.168.1.4', os.name: 'Windows 7', os.arch: 'amd64', os.version: '6.1', java.version: '1.8.0_333'
Driver info: org.openqa.selenium.chrome.ChromeDriver
Command: [e623ad611158fcd6f35fa24ea9aa0897, getElementText {id=e8d4b951-a67a-42b6-93aa-8c7eb694eea9}]
Capabilities {acceptInsecureCerts: false, browserName: chrome, browserVersion: 104.0.5112.102, chrome: {chromedriverVersion: 103.0.5060.53 (a1711811edd7..., userDataDir: C:\Users\Gauri\AppData\Loca...}, goog:chromeOptions: {debuggerAddress: localhost:58142}, networkConnectionEnabled: false, pageLoadStrategy: normal, platformName: WINDOWS, proxy: Proxy(), se:cdp: ws://localhost:58142/devtoo..., se:cdpVersion: 104.0.5112.102, setWindowRect: true, strictFileInteractability: false, timeouts: {implicit: 0, pageLoad: 300000, script: 30000}, unhandledPromptBehavior: dismiss and notify, webauthn:extension:credBlob: true, webauthn:extension:largeBlob: true, webauthn:virtualAuthenticators: true}
Element: [[ChromeDriver: chrome on WINDOWS (e623ad611158fcd6f35fa24ea9aa0897)] -> xpath: //a]
Session ID: e623ad611158fcd6f35fa24ea9aa0897
at sun.reflect.NativeConstructorAccessorImpl.newInstance0(Native Method)
at sun.reflect.NativeConstructorAccessorImpl.newInstance(Unknown Source)
at sun.reflect.DelegatingConstructorAccessorImpl.newInstance(Unknown Source)
at java.lang.reflect.Constructor.newInstance(Unknown Source)
at org.openqa.selenium.remote.codec.w3c.W3CHttpResponseCodec.createException(W3CHttpResponseCodec.java:200)
at org.openqa.selenium.remote.codec.w3c.W3CHttpResponseCodec.decode(W3CHttpResponseCodec.java:133)
at org.openqa.selenium.remote.codec.w3c.W3CHttpResponseCodec.decode(W3CHttpResponseCodec.java:53)
at org.openqa.selenium.remote.HttpCommandExecutor.execute(HttpCommandExecutor.java:184)
at org.openqa.selenium.remote.service.DriverCommandExecutor.invokeExecute(DriverCommandExecutor.java:167)
at org.openqa.selenium.remote.service.DriverCommandExecutor.execute(DriverCommandExecutor.java:142)
at org.openqa.selenium.remote.RemoteWebDriver.execute(RemoteWebDriver.java:569)
at org.openqa.selenium.remote.RemoteWebElement.execute(RemoteWebElement.java:257)
at org.openqa.selenium.remote.RemoteWebElement.getText(RemoteWebElement.java:207)
at TestNG_Practice.DemoTestNG.pageLinks(DemoTestNG.java:54)
at sun.reflect.NativeMethodAccessorImpl.invoke0(Native Method)
at sun.reflect.NativeMethodAccessorImpl.invoke(Unknown Source)
at sun.reflect.DelegatingMethodAccessorImpl.invoke(Unknown Source)
at java.lang.reflect.Method.invoke(Unknown Source)
at org.testng.internal.MethodInvocationHelper.invokeMethod(MethodInvocationHelper.java:133)
at org.testng.internal.TestInvoker.invokeMethod(TestInvoker.java:598)
at org.testng.internal.TestInvoker.invokeTestMethod(TestInvoker.java:173)
at org.testng.internal.MethodRunner.runInSequence(MethodRunner.java:46)
at org.testng.internal.TestInvoker$MethodInvocationAgent.invoke(TestInvoker.java:824)
at org.testng.internal.TestInvoker.invokeTestMethods(TestInvoker.java:146)
at org.testng.internal.TestMethodWorker.invokeTestMethods(TestMethodWorker.java:146)
at org.testng.internal.TestMethodWorker.run(TestMethodWorker.java:128)
at java.util.ArrayList.forEach(Unknown Source)
at org.testng.TestRunner.privateRun(TestRunner.java:794)
at org.testng.TestRunner.run(TestRunner.java:596)
at org.testng.SuiteRunner.runTest(SuiteRunner.java:377)
at org.testng.SuiteRunner.runSequentially(SuiteRunner.java:371)
at org.testng.SuiteRunner.privateRun(SuiteRunner.java:332)
at org.testng.SuiteRunner.run(SuiteRunner.java:276)
at org.testng.SuiteRunnerWorker.runSuite(SuiteRunnerWorker.java:53)
at org.testng.SuiteRunnerWorker.run(SuiteRunnerWorker.java:96)
at org.testng.TestNG.runSuitesSequentially(TestNG.java:1212)
at org.testng.TestNG.runSuitesLocally(TestNG.java:1134)
at org.testng.TestNG.runSuites(TestNG.java:1063)
at org.testng.TestNG.run(TestNG.java:1031)
at org.testng.remote.AbstractRemoteTestNG.run(AbstractRemoteTestNG.java:115)
at org.testng.remote.RemoteTestNG.initAndRun(RemoteTestNG.java:251)
at org.testng.remote.RemoteTestNG.main(RemoteTestNG.java:77)
]]>
    </error>
  </testcase> <!-- pageLinks -->
  <system-out>
    <![CDATA[Link shows :
Link shows :Explore Plus
Link shows :vega bolt bunny black helmet
in Biker Helmets
Link shows :vega bolt black helmet
in Biker Helmets
Link shows :vega black helmet
Link shows :helmet for men vega black glass
Link shows :vega edge motorbike helmet
Link shows :vega bolt bunny black helmet visor
Link shows :vega helmet full black
Link shows :vega helmets red and black
Link shows :Login
Link shows :Become a Seller
Link shows :Cart
Link shows :Top Offers
Link shows :Grocery
Link shows :Mobiles
Link shows :Fashion
Link shows :Electronics
Link shows :Home
Link shows :Appliances
Link shows :Travel
Link shows :Beauty, Toys & More
Link shows :
Link shows :
Link shows :
Link shows :
Link shows :
Link shows :
Link shows :Top Mirrorless Cameras
Shop Now!
Canon, Sony, Fujifilm...
Link shows :Monitors
From ₹9999
SAMSUNG
Link shows :Premium PowerBanks
Shop Now
Mi, realme & more
Link shows :Top Deals of Camera Accessories
Shop Now!
Tripods, Gimbals, Bags..
Link shows :Premium Laptops
From ₹45,990
HP Pavillion | Asus Oled
Link shows :
Link shows :
Link shows :
Link shows :VIEW ALL
Link shows :Premium Non-Geared Cycles
Up to 40% Off
Hercules, Hero & More
Link shows :Musical Keyboards
up to 70% off
Beston, Redbox & more
Link shows :Dumbbell
Up to 50% off
PROWL, HRX & KRX
Link shows :Treadmill, Exercise Bikes & More
Up to 70% Off
Fitkit, Powermax & More
Link shows :Car pressure washer
Upto 65% Off
Bosch, Black & Decker & More
Link shows :Cycles Accesiories
From ₹125
Best Deals
Link shows :
Link shows :
Link shows :VIEW ALL
Link shows :Skin Care
Upto 40% Off
Himalaya, MamaEarth & More
Link shows :Combo vehicle accessories
Upto 70% Off
Best sellers
Link shows :Puzzles & Cubes
From ₹ 79
Unmissable Offers!
Link shows :Oral Care
Upto 40% Off
Colgate,LISTERINE & More
Link shows :Ultra Premium Racquets
Up to 40% Off
Li-ning, Adrenex & more
Link shows :Badminton Racquets
From ₹899
Full Graphite Racquets
Link shows :
Link shows :
Link shows :Brand Directory
Link shows :Bounce Infinity E1
Link shows :Google Pixel 6A
Link shows :vivo T1X
Link shows :OPPO Reno8 5G
Link shows :OPPO Reno8 Pro 5G
Link shows :Nothing Phone 1
Link shows :Sell Old Mobile Phones
Link shows :ASUS TUF Gaming F15 Core i5 10th Gen
Link shows :Electronics Store
Link shows :OPPO A16K
Link shows :Vivo Y33T
Link shows :OPPO Reno7 5G
Link shows :Bathroom Exhaust Fan
Link shows :Samsung Window AC
Link shows :OPPO Reno7 Pro 5G
Link shows :iPhone 13
Link shows :iPhone 13 Pro
Link shows :iPhone 13 Pro Max
Link shows :iPhone 13 Mini
Link shows :Google Pixel 6a covers
Link shows :Flipkart Quick
Link shows :Books
Link shows :Flipkart Help Centre
Link shows :Online Boat Store
Link shows :Flipkart Track Orders
Link shows :Flipkart Manage Orders
Link shows :Flipkart Return Orders
Link shows :Flipkart Gift Cards Store
Link shows :Flipkart Axis Bank Credit Card
Link shows :Flipkart Pay Later
Link shows :iPhone 12 64GB
Link shows :iPhone 12 Pro 512GB
Link shows :iPhone 12 128GB
Link shows :Vivo Y91i
Link shows :Vivo Y11
Link shows :Vivo Y15
Link shows :Vivo Y50
Link shows :Vivo Y12
Link shows :Reno2 F
Link shows :Oppo A12
Link shows :Oppo F15
Link shows :Oppo A31
Link shows :Samsung A71
Link shows :Samsung A51
Link shows :Samsung A31
Link shows :Realme X2
Link shows :iPhone 11
Link shows :iPhone 11 Pro
Link shows :iPhone 11 Pro Max
Link shows :Mobile Offers
Link shows :iphone x
Link shows :4G Mobile
Link shows :Nokia Mobile
Link shows :Samsung Mobile
Link shows :iphone
Link shows :Oppo Mobile
Link shows :Vivo Mobile
Link shows :GoPro Action Camera
Link shows :Nikon Camera
Link shows :Canon Camera
Link shows :Sony Camera
Link shows :Canon DSLR
Link shows :Nikon DSLR
Link shows :MacBook Pro M2
Link shows :acer Ryzen 3 Dual Core 3250U - (8 GB/256 GB SSD/Windows 11 Home) Z2-493 Thin and Light Laptop
Link shows :ASUS Vivobook S14 OLED (2022)
Link shows :ASUS Zenbook 14 OLED (2022)
Link shows :Realme Book Prime Core i5 11th Gen
Link shows :Microsoft Surface Go Pentium 128GB
Link shows :Branded Laptops
Link shows :Apple Laptops
Link shows :Acer Laptops
Link shows :Lenovo Laptops
Link shows :Dell Laptops
Link shows :Asus Laptops
Link shows :HP Laptops
Link shows :Gaming Laptops
Link shows :2 in 1 Laptops
Link shows :Laptops
Link shows :Dell latest laptops 2022
Link shows :HP latest laptops 2022
Link shows :Infinix INBook X1 Neo Series Celeron Quad Core - (8 GB/256 GB SSD/Windows 11 Home) XL22 Thin and Light Laptop
Link shows :Microsoft Laptops
Link shows :Nokia TV
Link shows :Panasonic TV
Link shows :Thomson TV
Link shows :Vu TV
Link shows :Realme TV
Link shows :Motorola TV
Link shows :OnePlus TVs
Link shows :LG TV
Link shows :TV
Link shows :Sony TV
Link shows :Samsung TV
Link shows :Android Television
Link shows :Iffalcon Tv
Link shows :Mi TV
Link shows :TV & Appliances End of Season Sale
Link shows :Television
Link shows :Washing Machines
Link shows :Refrigerators
Link shows :Air Conditioners
Link shows :Electric Cookers
Link shows :Electric Jug(Heater) / Travel Kettles
Link shows :Induction Cooktops
Link shows :Inverters / stabilizer
Link shows :Irons / Iron Box
Link shows :Mixer Grinder Juicer
Link shows :Wet Grinders
Link shows :Chimneys
Link shows :Microwave Ovens
Link shows :Vacuum Cleaners
Link shows :Water Purifier
Link shows :Fan
Link shows :MarQ Customer Care
Link shows :Men Shirts
Link shows :Kurta Pajama
Link shows :Kurtas
Link shows :Men T-Shirts
Link shows :Jeans
Link shows :Saree
Link shows :Dresses
Link shows :Kids Dresses
Link shows :Designer Salwar Suits
Link shows :Bra
Link shows :Designer Kurtis
Link shows :Track Pant
Link shows :Men Kurtas
Link shows :Gym Wear
Link shows :Party Dresses
Link shows :Palazzo Suits
Link shows :Boys Clothing
Link shows :Gloves
Link shows :Nighty
Link shows :Maxi Dresses
Link shows :Anarkali
Link shows :Gowns
Link shows :Culottes
Link shows :Salwar Suits
Link shows :Kurtis
Link shows :Designer Sarees
Link shows :Leggings
Link shows :Shorts
Link shows :Georgette Sarees
Link shows :Ethnic Wear
Link shows :Briefs & Trunks
Link shows :Nike Watches
Link shows :Ascot Tie
Link shows :Corset Tops Tunics
Link shows :Leather PU Skirts
Link shows :Corset tops camisoles
Link shows :Women magenta earrings
Link shows :No collar jackets
Link shows :Green dress material
Link shows :Black patiala kurta set
Link shows :Men camel shoes casual
Link shows :Black pathani
Link shows :Wallets sling
Link shows :Khaki dresses
Link shows :Kids formal dresses
Link shows :Mauve shirts
Link shows :Women henley
Link shows :Indigo trousers
Link shows :Leopard dresses
Link shows :Sleeveless shrugs
Link shows :Shoes
Link shows :Adidas Shoes
Link shows :Reebok Shoes
Link shows :Nike Shoes
Link shows :Puma Shoes
Link shows :Boots
Link shows :Bata Shoes
Link shows :Woodland Shoes
Link shows :Skechers Shoes
Link shows :Sneakers
Link shows :Womens Boots
Link shows :Sports Shoes
Link shows :Loafers
Link shows :Sandals
Link shows :Lotto Sports Shoes
Link shows :Casual Shoes
Link shows :Womens Skechers Shoes
Link shows :Asics Sports Shoes
Link shows :Formal Shoes
Link shows :School Shoes
Link shows :PhonePe Grocery Voucher
Link shows :Hand Wash
Link shows :Soap
Link shows :Cashew Nuts
Link shows :Sunflower Oil
Link shows :Eggs
Link shows :Toilet Cleaner
Link shows :Harpic Toilet Cleaner
Link shows :Dettol Soap
Link shows :Mustard Oil
Link shows :Biscuits
Link shows :Cheese
Link shows :Patanjali Atta
Link shows :Fortune Oil
Link shows :Aashirvaad Atta
Link shows :Tea
Link shows :TAGG Verve Engage Smartwatch
Link shows :Best Gas Geyser
Link shows :Kitchen Geyser
Link shows :Nutri Blenders
Link shows :Portable Air Cooler
Link shows :Best Air Cooler
Link shows :Bags
Link shows :Hitachi Refrigerator 3 Door
Link shows :Books
Link shows :Toys
Link shows :Candles
Link shows :Helmets
Link shows :Wall Clocks
Link shows :Baby Food
Link shows :Chocolates
Link shows :Cycles
Link shows :Calculators
Link shows :Lipsticks
Link shows :Mask
Link shows :Vertiv UPS
Link shows :Fastrack Watches
Link shows :Wallets
Link shows :Earrings
Link shows :Gold Coins
Link shows :Realme Pad Mini
Link shows :Handbags
Link shows :conekt SW2 Smartwatch
Link shows :Mivi DuoPods a350
Link shows :Speaker Cleaner
Link shows :Furniture
Link shows :Sofas
Link shows :Beds
Link shows :Dining sets
Link shows :Wardrobes
Link shows :Mattresses
Link shows :TV Units
Link shows :Tables
Link shows :Chairs
Link shows :Shelves
Link shows :Bean Bags
Link shows :Office Chairs
Link shows :Computer Table
Link shows :Office Tables
Link shows :Red Sofa
Link shows :Wakefit Beds
Link shows :White Sofa
Link shows :Wakefit Mattress
Link shows :Green Sofa
Link shows :Black Sofa
Link shows :Brown Sofa
Link shows :Whey Protein
Link shows :Homeopathy
Link shows :Bounce Infinity
Link shows :ToysRus
Link shows :Online Guitar
Link shows :Books Store
Link shows :Musical Instrument Store
Link shows :Energy Drinks
Link shows :Toys
Link shows :Milk Drink Mixes
Link shows :Rakhi
Link shows :Indian Flag
Link shows :Protein Supplements
Link shows :Contact Us
Link shows :About Us
Link shows :Careers
Link shows :Flipkart Stories
Link shows :Press
Link shows :Flipkart Wholesale
Link shows :Corporate Information
Link shows :Payments
Link shows :Shipping
Link shows :Cancellation & Returns
Link shows :FAQ
Link shows :Report Infringement
Link shows :Return Policy
Link shows :Terms Of Use
Link shows :Security
Link shows :Privacy
Link shows :Sitemap
Link shows :EPR Compliance
Link shows :Facebook
Link shows :Twitter
Link shows :YouTube
Link shows :044-45614700
Link shows :Become a Seller
Link shows :Advertise
Link shows :Gift Cards
Link shows :Help Center
Link shows :]]>
  </system-out>
  <testcase name="hiddenPopup" classname="TestNG_Practice.DemoTestNG">
    <skipped/>
  </testcase> <!-- hiddenPopup -->
  <system-out/>
</testsuite> <!-- TestNG_Practice.DemoTestNG -->
